<?xml version="1.0" encoding="UTF-8"?>
<testsuite xmlns:xsi="http://www.w3.org/2001/XMLSchema-instance" xsi:noNamespaceSchemaLocation="https://maven.apache.org/surefire/maven-surefire-plugin/xsd/surefire-test-report.xsd" name="com.bbva.mpeh.mx.jsprk.eje1capa2024.v00.JobEje1capa2024BuilderTest" time="0.28" tests="3" errors="0" skipped="0" failures="0">
  <properties>
[...]
</properties>
  <testcase name="registerTargets_na_TargetList" classname="com.bbva.mpeh.mx.jsprk.eje1capa2024.v00.JobEje1capa2024BuilderTest" time="0.043"/>
  <testcase name="registerTransform_na_Transform" classname="com.bbva.mpeh.mx.jsprk.eje1capa2024.v00.JobEje1capa2024BuilderTest" time="0.015"/>
  <testcase name="registerSources_na_SourceList" classname="com.bbva.mpeh.mx.jsprk.eje1capa2024.v00.JobEje1capa2024BuilderTest" time="0.008"/>
</testsuite>